<?xml version="1.0" encoding="UTF-8"?>
<testsuite xmlns:xsi="http://www.w3.org/2001/XMLSchema-instance" xsi:noNamespaceSchemaLocation="https://maven.apache.org/surefire/maven-surefire-plugin/xsd/surefire-test-report.xsd" version="3.0.2" name="com.cartelera.spring.ApplicationTests" time="3.316" tests="1" errors="0" skipped="0" failures="0">
  <properties>
[...]
</properties>
  <testcase name="contextLoads" classname="com.cartelera.spring.ApplicationTests" time="0.511">
    <system-out><![CDATA[22:26:01.953 [main] INFO org.springframework.test.context.support.AnnotationConfigContextLoaderUtils -- Could not detect default configuration classes for test class [com.cartelera.spring.ApplicationTests]: ApplicationTests does not declare any static, non-private, non-final, nested classes annotated with @Configuration.
22:26:02.052 [main] INFO org.springframework.boot.test.context.SpringBootTestContextBootstrapper -- Found @SpringBootConfiguration com.cartelera.spring.Application for test class com.cartelera.spring.ApplicationTests
22:26:02.177 [main] INFO org.springframework.boot.devtools.restart.RestartApplicationListener -- Restart disabled due to context in which it is running

  .   ____          _            __ _ _
 /\\ / ___'_ __ _ _(_)_ __  __ _ \ \ \ \
( ( )\___ | '_ | '_| | '_ \/ _` | \ \ \ \
 \\/  ___)| |_)| | | | | || (_| |  ) ) ) )
  '  |____| .__|_| |_|_| |_\__, | / / / /
 =========|_|==============|___/=/_/_/_/

 :: Spring Boot ::                (v3.4.4)

2025-03-25T22:26:02.438-06:00  INFO 23352 --- [spring] [           main] com.cartelera.spring.ApplicationTests    : Starting ApplicationTests using Java 21.0.5 with PID 23352 (started by Escuela in c:\Users\Escuela\Documents\Aplicaciones Web\CarteleraSpring\spring)
2025-03-25T22:26:02.438-06:00  INFO 23352 --- [spring] [           main] com.cartelera.spring.ApplicationTests    : No active profile set, falling back to 1 default profile: "default"
2025-03-25T22:26:03.639-06:00  INFO 23352 --- [spring] [           main] org.mongodb.driver.client                : MongoClient with metadata {"application": {"name": "Cluster0"}, "driver": {"name": "mongo-java-driver|sync|spring-boot", "version": "5.2.1"}, "os": {"type": "Windows", "name": "Windows 11", "architecture": "amd64", "version": "10.0"}, "platform": "Java/Eclipse Adoptium/21.0.5+11-LTS"} created with settings MongoClientSettings{readPreference=primary, writeConcern=WriteConcern{w=majority, wTimeout=null ms, journal=null}, retryWrites=true, retryReads=true, readConcern=ReadConcern{level=null}, credential=MongoCredential{mechanism=null, userName='eliuhtaguttt', source='admin', password=<hidden>, mechanismProperties=<hidden>}, transportSettings=null, commandListeners=[], codecRegistry=ProvidersCodecRegistry{codecProviders=[ValueCodecProvider{}, BsonValueCodecProvider{}, DBRefCodecProvider{}, DBObjectCodecProvider{}, DocumentCodecProvider{}, CollectionCodecProvider{}, IterableCodecProvider{}, MapCodecProvider{}, GeoJsonCodecProvider{}, GridFSFileCodecProvider{}, Jsr310CodecProvider{}, JsonObjectCodecProvider{}, BsonCodecProvider{}, EnumCodecProvider{}, com.mongodb.client.model.mql.ExpressionCodecProvider@7b6141f0, com.mongodb.Jep395RecordCodecProvider@4fb64a52, com.mongodb.KotlinCodecProvider@70b48eb3]}, loggerSettings=LoggerSettings{maxDocumentLength=1000}, clusterSettings={hosts=[127.0.0.1:27017], srvHost=cluster0.k9g8a.mongodb.net, srvServiceName=mongodb, mode=MULTIPLE, requiredClusterType=REPLICA_SET, requiredReplicaSetName='atlas-qzoqz1-shard-0', serverSelector='null', clusterListeners='[]', serverSelectionTimeout='30000 ms', localThreshold='15 ms'}, socketSettings=SocketSettings{connectTimeoutMS=10000, readTimeoutMS=0, receiveBufferSize=0, proxySettings=ProxySettings{host=null, port=null, username=null, password=null}}, heartbeatSocketSettings=SocketSettings{connectTimeoutMS=10000, readTimeoutMS=10000, receiveBufferSize=0, proxySettings=ProxySettings{host=null, port=null, username=null, password=null}}, connectionPoolSettings=ConnectionPoolSettings{maxSize=100, minSize=0, maxWaitTimeMS=120000, maxConnectionLifeTimeMS=0, maxConnectionIdleTimeMS=0, maintenanceInitialDelayMS=0, maintenanceFrequencyMS=60000, connectionPoolListeners=[], maxConnecting=2}, serverSettings=ServerSettings{heartbeatFrequencyMS=10000, minHeartbeatFrequencyMS=500, serverMonitoringMode=AUTO, serverListeners='[]', serverMonitorListeners='[]'}, sslSettings=SslSettings{enabled=true, invalidHostNameAllowed=false, context=null}, applicationName='Cluster0', compressorList=[], uuidRepresentation=JAVA_LEGACY, serverApi=null, autoEncryptionSettings=null, dnsClient=null, inetAddressResolver=null, contextProvider=null, timeoutMS=null}
2025-03-25T22:26:03.686-06:00  INFO 23352 --- [spring] [g8a.mongodb.net] org.mongodb.driver.cluster               : Adding discovered server cluster0-shard-00-00.k9g8a.mongodb.net:27017 to client view of cluster
2025-03-25T22:26:03.724-06:00  INFO 23352 --- [spring] [g8a.mongodb.net] org.mongodb.driver.cluster               : Adding discovered server cluster0-shard-00-01.k9g8a.mongodb.net:27017 to client view of cluster
2025-03-25T22:26:03.724-06:00  INFO 23352 --- [spring] [g8a.mongodb.net] org.mongodb.driver.cluster               : Adding discovered server cluster0-shard-00-02.k9g8a.mongodb.net:27017 to client view of cluster
2025-03-25T22:26:04.476-06:00  INFO 23352 --- [spring] [ngodb.net:27017] org.mongodb.driver.cluster               : Monitor thread successfully connected to server with description ServerDescription{address=cluster0-shard-00-02.k9g8a.mongodb.net:27017, type=REPLICA_SET_SECONDARY, cryptd=false, state=CONNECTED, ok=true, minWireVersion=0, maxWireVersion=25, maxDocumentSize=16777216, logicalSessionTimeoutMinutes=30, roundTripTimeNanos=364107600, minRoundTripTimeNanos=0, setName='atlas-qzoqz1-shard-0', canonicalAddress=cluster0-shard-00-02.k9g8a.mongodb.net:27017, hosts=[cluster0-shard-00-02.k9g8a.mongodb.net:27017, cluster0-shard-00-01.k9g8a.mongodb.net:27017, cluster0-shard-00-00.k9g8a.mongodb.net:27017], passives=[], arbiters=[], primary='cluster0-shard-00-01.k9g8a.mongodb.net:27017', tagSet=TagSet{[Tag{name='availabilityZone', value='use1-az1'}, Tag{name='diskState', value='READY'}, Tag{name='nodeType', value='ELECTABLE'}, Tag{name='provider', value='AWS'}, Tag{name='region', value='US_EAST_1'}, Tag{name='workloadType', value='OPERATIONAL'}]}, electionId=null, setVersion=270, topologyVersion=TopologyVersion{processId=67dc5242e9327e76506d752e, counter=3}, lastWriteDate=Tue Mar 25 22:25:45 CST 2025, lastUpdateTimeNanos=10185545120800}
2025-03-25T22:26:04.476-06:00  INFO 23352 --- [spring] [ngodb.net:27017] org.mongodb.driver.cluster               : Monitor thread successfully connected to server with description ServerDescription{address=cluster0-shard-00-00.k9g8a.mongodb.net:27017, type=REPLICA_SET_SECONDARY, cryptd=false, state=CONNECTED, ok=true, minWireVersion=0, maxWireVersion=25, maxDocumentSize=16777216, logicalSessionTimeoutMinutes=30, roundTripTimeNanos=362604200, minRoundTripTimeNanos=0, setName='atlas-qzoqz1-shard-0', canonicalAddress=cluster0-shard-00-00.k9g8a.mongodb.net:27017, hosts=[cluster0-shard-00-02.k9g8a.mongodb.net:27017, cluster0-shard-00-01.k9g8a.mongodb.net:27017, cluster0-shard-00-00.k9g8a.mongodb.net:27017], passives=[], arbiters=[], primary='cluster0-shard-00-01.k9g8a.mongodb.net:27017', tagSet=TagSet{[Tag{name='availabilityZone', value='use1-az4'}, Tag{name='diskState', value='READY'}, Tag{name='nodeType', value='ELECTABLE'}, Tag{name='provider', value='AWS'}, Tag{name='region', value='US_EAST_1'}, Tag{name='workloadType', value='OPERATIONAL'}]}, electionId=null, setVersion=270, topologyVersion=TopologyVersion{processId=67d9aad98e207818908a3bec, counter=4}, lastWriteDate=Tue Mar 25 22:25:45 CST 2025, lastUpdateTimeNanos=10185545120900}
2025-03-25T22:26:04.630-06:00  INFO 23352 --- [spring] [           main] com.cartelera.spring.ApplicationTests    : Started ApplicationTests in 2.453 seconds (process running for 3.185)
]]></system-out>
    <system-err><![CDATA[Mockito is currently self-attaching to enable the inline-mock-maker. This will no longer work in future releases of the JDK. Please add Mockito as an agent to your build what is described in Mockito's documentation: https://javadoc.io/doc/org.mockito/mockito-core/latest/org/mockito/Mockito.html#0.3
WARNING: A Java agent has been loaded dynamically (C:\Users\Escuela\.m2\repository\net\bytebuddy\byte-buddy-agent\1.15.11\byte-buddy-agent-1.15.11.jar)
WARNING: If a serviceability tool is in use, please run with -XX:+EnableDynamicAgentLoading to hide this warning
WARNING: If a serviceability tool is not in use, please run with -Djdk.instrument.traceUsage for more information
WARNING: Dynamic loading of agents will be disallowed by default in a future release
]]></system-err>
  </testcase>
</testsuite>